<?xml version="1.0" encoding="UTF-8" standalone="no"?>
<!DOCTYPE log SYSTEM "logger.dtd">
<log>
<record>
  <date>2024-07-11T20:22:58.162088100Z</date>
  <millis>1720729378162</millis>
  <nanos>88100</nanos>
  <sequence>0</sequence>
  <logger>global</logger>
  <level>INFO</level>
  <class>il.ac.hit.pooly.Main</class>
  <method>main</method>
  <thread>1</thread>
  <message>Main method starting...</message>
</record>
<record>
  <date>2024-07-11T20:22:58.281258Z</date>
  <millis>1720729378281</millis>
  <nanos>258000</nanos>
  <sequence>1</sequence>
  <logger>global</logger>
  <level>INFO</level>
  <class>il.ac.hit.pooly.MyTask</class>
  <method>perform</method>
  <thread>24</thread>
  <message>Task with priority 4 started.</message>
</record>
<record>
  <date>2024-07-11T20:22:58.281258Z</date>
  <millis>1720729378281</millis>
  <nanos>258000</nanos>
  <sequence>2</sequence>
  <logger>global</logger>
  <level>INFO</level>
  <class>il.ac.hit.pooly.MyTask</class>
  <method>perform</method>
  <thread>23</thread>
  <message>Task with priority 5 started.</message>
</record>
<record>
  <date>2024-07-11T20:22:58.281258Z</date>
  <millis>1720729378281</millis>
  <nanos>258000</nanos>
  <sequence>3</sequence>
  <logger>global</logger>
  <level>INFO</level>
  <class>il.ac.hit.pooly.MyTask</class>
  <method>perform</method>
  <thread>25</thread>
  <message>Task with priority 10 started.</message>
</record>
<record>
  <date>2024-07-11T20:22:58.293514700Z</date>
  <millis>1720729378293</millis>
  <nanos>514700</nanos>
  <sequence>4</sequence>
  <logger>global</logger>
  <level>INFO</level>
  <class>il.ac.hit.pooly.MyTask</class>
  <method>perform</method>
  <thread>24</thread>
  <message>Performing task with priority 4</message>
</record>
<record>
  <date>2024-07-11T20:22:58.293514700Z</date>
  <millis>1720729378293</millis>
  <nanos>514700</nanos>
  <sequence>5</sequence>
  <logger>global</logger>
  <level>INFO</level>
  <class>il.ac.hit.pooly.MyTask</class>
  <method>perform</method>
  <thread>23</thread>
  <message>Performing task with priority 5</message>
</record>
<record>
  <date>2024-07-11T20:22:58.294513900Z</date>
  <millis>1720729378294</millis>
  <nanos>513900</nanos>
  <sequence>6</sequence>
  <logger>global</logger>
  <level>INFO</level>
  <class>il.ac.hit.pooly.MyTask</class>
  <method>perform</method>
  <thread>25</thread>
  <message>Performing task with priority 10</message>
</record>
<record>
  <date>2024-07-11T20:22:58.296514900Z</date>
  <millis>1720729378296</millis>
  <nanos>514900</nanos>
  <sequence>7</sequence>
  <logger>global</logger>
  <level>INFO</level>
  <class>il.ac.hit.pooly.MyTask</class>
  <method>perform</method>
  <thread>24</thread>
  <message>Task with priority 4 completed.</message>
</record>
<record>
  <date>2024-07-11T20:22:58.297514900Z</date>
  <millis>1720729378297</millis>
  <nanos>514900</nanos>
  <sequence>8</sequence>
  <logger>global</logger>
  <level>INFO</level>
  <class>il.ac.hit.pooly.MyTask</class>
  <method>perform</method>
  <thread>23</thread>
  <message>Task with priority 5 completed.</message>
</record>
<record>
  <date>2024-07-11T20:22:58.298515100Z</date>
  <millis>1720729378298</millis>
  <nanos>515100</nanos>
  <sequence>9</sequence>
  <logger>global</logger>
  <level>INFO</level>
  <class>il.ac.hit.pooly.MyTask</class>
  <method>perform</method>
  <thread>25</thread>
  <message>Task with priority 10 completed.</message>
</record>
<record>
  <date>2024-07-11T20:22:58.299514900Z</date>
  <millis>1720729378299</millis>
  <nanos>514900</nanos>
  <sequence>10</sequence>
  <logger>global</logger>
  <level>INFO</level>
  <class>il.ac.hit.pooly.MyTask</class>
  <method>perform</method>
  <thread>24</thread>
  <message>Task with priority 3 started.</message>
</record>
<record>
  <date>2024-07-11T20:22:58.301815600Z</date>
  <millis>1720729378301</millis>
  <nanos>815600</nanos>
  <sequence>11</sequence>
  <logger>global</logger>
  <level>INFO</level>
  <class>il.ac.hit.pooly.MyTask</class>
  <method>perform</method>
  <thread>23</thread>
  <message>Task with priority 2 started.</message>
</record>
<record>
  <date>2024-07-11T20:22:58.302815800Z</date>
  <millis>1720729378302</millis>
  <nanos>815800</nanos>
  <sequence>12</sequence>
  <logger>global</logger>
  <level>INFO</level>
  <class>il.ac.hit.pooly.MyTask</class>
  <method>perform</method>
  <thread>25</thread>
  <message>Task with priority 1 started.</message>
</record>
<record>
  <date>2024-07-11T20:22:58.303815300Z</date>
  <millis>1720729378303</millis>
  <nanos>815300</nanos>
  <sequence>13</sequence>
  <logger>global</logger>
  <level>INFO</level>
  <class>il.ac.hit.pooly.MyTask</class>
  <method>perform</method>
  <thread>24</thread>
  <message>Performing task with priority 3</message>
</record>
<record>
  <date>2024-07-11T20:22:58.304816600Z</date>
  <millis>1720729378304</millis>
  <nanos>816600</nanos>
  <sequence>14</sequence>
  <logger>global</logger>
  <level>INFO</level>
  <class>il.ac.hit.pooly.MyTask</class>
  <method>perform</method>
  <thread>23</thread>
  <message>Performing task with priority 2</message>
</record>
<record>
  <date>2024-07-11T20:22:58.305817500Z</date>
  <millis>1720729378305</millis>
  <nanos>817500</nanos>
  <sequence>15</sequence>
  <logger>global</logger>
  <level>INFO</level>
  <class>il.ac.hit.pooly.MyTask</class>
  <method>perform</method>
  <thread>25</thread>
  <message>Performing task with priority 1</message>
</record>
<record>
  <date>2024-07-11T20:22:58.308816100Z</date>
  <millis>1720729378308</millis>
  <nanos>816100</nanos>
  <sequence>16</sequence>
  <logger>global</logger>
  <level>INFO</level>
  <class>il.ac.hit.pooly.MyTask</class>
  <method>perform</method>
  <thread>24</thread>
  <message>Task with priority 3 completed.</message>
</record>
<record>
  <date>2024-07-11T20:22:58.310773300Z</date>
  <millis>1720729378310</millis>
  <nanos>773300</nanos>
  <sequence>17</sequence>
  <logger>global</logger>
  <level>INFO</level>
  <class>il.ac.hit.pooly.MyTask</class>
  <method>perform</method>
  <thread>23</thread>
  <message>Task with priority 2 completed.</message>
</record>
<record>
  <date>2024-07-11T20:22:58.311435Z</date>
  <millis>1720729378311</millis>
  <nanos>435000</nanos>
  <sequence>18</sequence>
  <logger>global</logger>
  <level>INFO</level>
  <class>il.ac.hit.pooly.MyTask</class>
  <method>perform</method>
  <thread>25</thread>
  <message>Task with priority 1 completed.</message>
</record>
<record>
  <date>2024-07-11T20:22:59.286715400Z</date>
  <millis>1720729379286</millis>
  <nanos>715400</nanos>
  <sequence>19</sequence>
  <logger>global</logger>
  <level>INFO</level>
  <class>il.ac.hit.pooly.MyTask</class>
  <method>pause</method>
  <thread>1</thread>
  <message>Task with priority 10 is paused</message>
</record>
<record>
  <date>2024-07-11T20:23:01.300733600Z</date>
  <millis>1720729381300</millis>
  <nanos>733600</nanos>
  <sequence>20</sequence>
  <logger>global</logger>
  <level>INFO</level>
  <class>il.ac.hit.pooly.MyTask</class>
  <method>resume</method>
  <thread>1</thread>
  <message>Task with priority 10 is resumed</message>
</record>
</log>
<?xml version="1.0" encoding="UTF-8" standalone="no"?>
<!DOCTYPE log SYSTEM "logger.dtd">
<log>
<record>
  <date>2024-07-11T20:25:03.957518200Z</date>
  <millis>1720729503957</millis>
  <nanos>518200</nanos>
  <sequence>0</sequence>
  <logger>global</logger>
  <level>INFO</level>
  <class>il.ac.hit.pooly.Main</class>
  <method>main</method>
  <thread>1</thread>
  <message>Main method starting...</message>
</record>
<record>
  <date>2024-07-11T20:25:04.126203100Z</date>
  <millis>1720729504126</millis>
  <nanos>203100</nanos>
  <sequence>1</sequence>
  <logger>global</logger>
  <level>INFO</level>
  <class>il.ac.hit.pooly.MyTask</class>
  <method>perform</method>
  <thread>24</thread>
  <message>Task with priority 5 started.</message>
</record>
<record>
  <date>2024-07-11T20:25:04.126203100Z</date>
  <millis>1720729504126</millis>
  <nanos>203100</nanos>
  <sequence>2</sequence>
  <logger>global</logger>
  <level>INFO</level>
  <class>il.ac.hit.pooly.MyTask</class>
  <method>perform</method>
  <thread>25</thread>
  <message>Task with priority 1 started.</message>
</record>
<record>
  <date>2024-07-11T20:25:04.126203100Z</date>
  <millis>1720729504126</millis>
  <nanos>203100</nanos>
  <sequence>3</sequence>
  <logger>global</logger>
  <level>INFO</level>
  <class>il.ac.hit.pooly.MyTask</class>
  <method>perform</method>
  <thread>23</thread>
  <message>Task with priority 10 started.</message>
</record>
<record>
  <date>2024-07-11T20:25:04.129204500Z</date>
  <millis>1720729504129</millis>
  <nanos>204500</nanos>
  <sequence>4</sequence>
  <logger>global</logger>
  <level>INFO</level>
  <class>il.ac.hit.pooly.MyTask</class>
  <method>perform</method>
  <thread>24</thread>
  <message>Performing task with priority 5</message>
</record>
<record>
  <date>2024-07-11T20:25:04.129204500Z</date>
  <millis>1720729504129</millis>
  <nanos>204500</nanos>
  <sequence>5</sequence>
  <logger>global</logger>
  <level>INFO</level>
  <class>il.ac.hit.pooly.MyTask</class>
  <method>perform</method>
  <thread>25</thread>
  <message>Performing task with priority 1</message>
</record>
<record>
  <date>2024-07-11T20:25:04.130201800Z</date>
  <millis>1720729504130</millis>
  <nanos>201800</nanos>
  <sequence>6</sequence>
  <logger>global</logger>
  <level>INFO</level>
  <class>il.ac.hit.pooly.MyTask</class>
  <method>perform</method>
  <thread>23</thread>
  <message>Performing task with priority 10</message>
</record>
<record>
  <date>2024-07-11T20:25:04.131860900Z</date>
  <millis>1720729504131</millis>
  <nanos>860900</nanos>
  <sequence>7</sequence>
  <logger>global</logger>
  <level>INFO</level>
  <class>il.ac.hit.pooly.MyTask</class>
  <method>perform</method>
  <thread>24</thread>
  <message>Task with priority 5 completed.</message>
</record>
<record>
  <date>2024-07-11T20:25:04.133893700Z</date>
  <millis>1720729504133</millis>
  <nanos>893700</nanos>
  <sequence>8</sequence>
  <logger>global</logger>
  <level>INFO</level>
  <class>il.ac.hit.pooly.MyTask</class>
  <method>perform</method>
  <thread>25</thread>
  <message>Task with priority 1 completed.</message>
</record>
<record>
  <date>2024-07-11T20:25:04.134893700Z</date>
  <millis>1720729504134</millis>
  <nanos>893700</nanos>
  <sequence>9</sequence>
  <logger>global</logger>
  <level>INFO</level>
  <class>il.ac.hit.pooly.MyTask</class>
  <method>perform</method>
  <thread>23</thread>
  <message>Task with priority 10 completed.</message>
</record>
<record>
  <date>2024-07-11T20:25:04.135893300Z</date>
  <millis>1720729504135</millis>
  <nanos>893300</nanos>
  <sequence>10</sequence>
  <logger>global</logger>
  <level>INFO</level>
  <class>il.ac.hit.pooly.MyTask</class>
  <method>perform</method>
  <thread>24</thread>
  <message>Task with priority 4 started.</message>
</record>
<record>
  <date>2024-07-11T20:25:04.136893700Z</date>
  <millis>1720729504136</millis>
  <nanos>893700</nanos>
  <sequence>11</sequence>
  <logger>global</logger>
  <level>INFO</level>
  <class>il.ac.hit.pooly.MyTask</class>
  <method>perform</method>
  <thread>25</thread>
  <message>Task with priority 3 started.</message>
</record>
<record>
  <date>2024-07-11T20:25:04.137893200Z</date>
  <millis>1720729504137</millis>
  <nanos>893200</nanos>
  <sequence>12</sequence>
  <logger>global</logger>
  <level>INFO</level>
  <class>il.ac.hit.pooly.MyTask</class>
  <method>perform</method>
  <thread>23</thread>
  <message>Task with priority 2 started.</message>
</record>
<record>
  <date>2024-07-11T20:25:04.138893500Z</date>
  <millis>1720729504138</millis>
  <nanos>893500</nanos>
  <sequence>13</sequence>
  <logger>global</logger>
  <level>INFO</level>
  <class>il.ac.hit.pooly.MyTask</class>
  <method>perform</method>
  <thread>24</thread>
  <message>Performing task with priority 4</message>
</record>
<record>
  <date>2024-07-11T20:25:04.139989Z</date>
  <millis>1720729504139</millis>
  <nanos>989000</nanos>
  <sequence>14</sequence>
  <logger>global</logger>
  <level>INFO</level>
  <class>il.ac.hit.pooly.MyTask</class>
  <method>perform</method>
  <thread>23</thread>
  <message>Performing task with priority 2</message>
</record>
<record>
  <date>2024-07-11T20:25:04.142007500Z</date>
  <millis>1720729504142</millis>
  <nanos>7500</nanos>
  <sequence>15</sequence>
  <logger>global</logger>
  <level>INFO</level>
  <class>il.ac.hit.pooly.MyTask</class>
  <method>perform</method>
  <thread>25</thread>
  <message>Performing task with priority 3</message>
</record>
<record>
  <date>2024-07-11T20:25:04.143017500Z</date>
  <millis>1720729504143</millis>
  <nanos>17500</nanos>
  <sequence>16</sequence>
  <logger>global</logger>
  <level>INFO</level>
  <class>il.ac.hit.pooly.MyTask</class>
  <method>perform</method>
  <thread>24</thread>
  <message>Task with priority 4 completed.</message>
</record>
<record>
  <date>2024-07-11T20:25:04.144014Z</date>
  <millis>1720729504144</millis>
  <nanos>14000</nanos>
  <sequence>17</sequence>
  <logger>global</logger>
  <level>INFO</level>
  <class>il.ac.hit.pooly.MyTask</class>
  <method>perform</method>
  <thread>23</thread>
  <message>Task with priority 2 completed.</message>
</record>
<record>
  <date>2024-07-11T20:25:04.145013600Z</date>
  <millis>1720729504145</millis>
  <nanos>13600</nanos>
  <sequence>18</sequence>
  <logger>global</logger>
  <level>INFO</level>
  <class>il.ac.hit.pooly.MyTask</class>
  <method>perform</method>
  <thread>25</thread>
  <message>Task with priority 3 completed.</message>
</record>
<record>
  <date>2024-07-11T20:25:05.124132900Z</date>
  <millis>1720729505124</millis>
  <nanos>132900</nanos>
  <sequence>19</sequence>
  <logger>global</logger>
  <level>INFO</level>
  <class>il.ac.hit.pooly.MyTask</class>
  <method>pause</method>
  <thread>1</thread>
  <message>Task with priority 10 is paused</message>
</record>
<record>
  <date>2024-07-11T20:25:07.137310300Z</date>
  <millis>1720729507137</millis>
  <nanos>310300</nanos>
  <sequence>20</sequence>
  <logger>global</logger>
  <level>INFO</level>
  <class>il.ac.hit.pooly.MyTask</class>
  <method>resume</method>
  <thread>1</thread>
  <message>Task with priority 10 is resumed</message>
</record>
</log>
<?xml version="1.0" encoding="UTF-8" standalone="no"?>
<!DOCTYPE log SYSTEM "logger.dtd">
<log>
<record>
  <date>2024-07-11T20:26:29.053001500Z</date>
  <millis>1720729589053</millis>
  <nanos>1500</nanos>
  <sequence>0</sequence>
  <logger>global</logger>
  <level>INFO</level>
  <class>il.ac.hit.pooly.Main</class>
  <method>main</method>
  <thread>1</thread>
  <message>Main method starting...</message>
</record>
<record>
  <date>2024-07-11T20:26:29.203739400Z</date>
  <millis>1720729589203</millis>
  <nanos>739400</nanos>
  <sequence>1</sequence>
  <logger>global</logger>
  <level>INFO</level>
  <class>il.ac.hit.pooly.MyTask</class>
  <method>perform</method>
  <thread>25</thread>
  <message>Task with priority 1 started.</message>
</record>
<record>
  <date>2024-07-11T20:26:29.203739400Z</date>
  <millis>1720729589203</millis>
  <nanos>739400</nanos>
  <sequence>2</sequence>
  <logger>global</logger>
  <level>INFO</level>
  <class>il.ac.hit.pooly.MyTask</class>
  <method>perform</method>
  <thread>24</thread>
  <message>Task with priority 5 started.</message>
</record>
<record>
  <date>2024-07-11T20:26:29.204734900Z</date>
  <millis>1720729589204</millis>
  <nanos>734900</nanos>
  <sequence>3</sequence>
  <logger>global</logger>
  <level>INFO</level>
  <class>il.ac.hit.pooly.MyTask</class>
  <method>perform</method>
  <thread>23</thread>
  <message>Task with priority 10 started.</message>
</record>
<record>
  <date>2024-07-11T20:26:29.205734800Z</date>
  <millis>1720729589205</millis>
  <nanos>734800</nanos>
  <sequence>4</sequence>
  <logger>global</logger>
  <level>INFO</level>
  <class>il.ac.hit.pooly.MyTask</class>
  <method>perform</method>
  <thread>25</thread>
  <message>Performing task with priority 1</message>
</record>
<record>
  <date>2024-07-11T20:26:29.206735Z</date>
  <millis>1720729589206</millis>
  <nanos>735000</nanos>
  <sequence>5</sequence>
  <logger>global</logger>
  <level>INFO</level>
  <class>il.ac.hit.pooly.MyTask</class>
  <method>perform</method>
  <thread>24</thread>
  <message>Performing task with priority 5</message>
</record>
<record>
  <date>2024-07-11T20:26:29.207735Z</date>
  <millis>1720729589207</millis>
  <nanos>735000</nanos>
  <sequence>6</sequence>
  <logger>global</logger>
  <level>INFO</level>
  <class>il.ac.hit.pooly.MyTask</class>
  <method>perform</method>
  <thread>23</thread>
  <message>Performing task with priority 10</message>
</record>
<record>
  <date>2024-07-11T20:26:29.209735Z</date>
  <millis>1720729589209</millis>
  <nanos>735000</nanos>
  <sequence>7</sequence>
  <logger>global</logger>
  <level>INFO</level>
  <class>il.ac.hit.pooly.MyTask</class>
  <method>perform</method>
  <thread>25</thread>
  <message>Task with priority 1 completed.</message>
</record>
<record>
  <date>2024-07-11T20:26:29.211030900Z</date>
  <millis>1720729589211</millis>
  <nanos>30900</nanos>
  <sequence>8</sequence>
  <logger>global</logger>
  <level>INFO</level>
  <class>il.ac.hit.pooly.MyTask</class>
  <method>perform</method>
  <thread>24</thread>
  <message>Task with priority 5 completed.</message>
</record>
<record>
  <date>2024-07-11T20:26:29.212030100Z</date>
  <millis>1720729589212</millis>
  <nanos>30100</nanos>
  <sequence>9</sequence>
  <logger>global</logger>
  <level>INFO</level>
  <class>il.ac.hit.pooly.MyTask</class>
  <method>perform</method>
  <thread>23</thread>
  <message>Task with priority 10 completed.</message>
</record>
<record>
  <date>2024-07-11T20:26:29.213036500Z</date>
  <millis>1720729589213</millis>
  <nanos>36500</nanos>
  <sequence>10</sequence>
  <logger>global</logger>
  <level>INFO</level>
  <class>il.ac.hit.pooly.MyTask</class>
  <method>perform</method>
  <thread>25</thread>
  <message>Task with priority 4 started.</message>
</record>
<record>
  <date>2024-07-11T20:26:29.215031500Z</date>
  <millis>1720729589215</millis>
  <nanos>31500</nanos>
  <sequence>11</sequence>
  <logger>global</logger>
  <level>INFO</level>
  <class>il.ac.hit.pooly.MyTask</class>
  <method>perform</method>
  <thread>24</thread>
  <message>Task with priority 3 started.</message>
</record>
<record>
  <date>2024-07-11T20:26:29.216030Z</date>
  <millis>1720729589216</millis>
  <nanos>30000</nanos>
  <sequence>12</sequence>
  <logger>global</logger>
  <level>INFO</level>
  <class>il.ac.hit.pooly.MyTask</class>
  <method>perform</method>
  <thread>23</thread>
  <message>Task with priority 2 started.</message>
</record>
<record>
  <date>2024-07-11T20:26:29.217030400Z</date>
  <millis>1720729589217</millis>
  <nanos>30400</nanos>
  <sequence>13</sequence>
  <logger>global</logger>
  <level>INFO</level>
  <class>il.ac.hit.pooly.MyTask</class>
  <method>perform</method>
  <thread>25</thread>
  <message>Performing task with priority 4</message>
</record>
<record>
  <date>2024-07-11T20:26:29.217030400Z</date>
  <millis>1720729589217</millis>
  <nanos>30400</nanos>
  <sequence>14</sequence>
  <logger>global</logger>
  <level>INFO</level>
  <class>il.ac.hit.pooly.MyTask</class>
  <method>perform</method>
  <thread>24</thread>
  <message>Performing task with priority 3</message>
</record>
<record>
  <date>2024-07-11T20:26:29.219558700Z</date>
  <millis>1720729589219</millis>
  <nanos>558700</nanos>
  <sequence>15</sequence>
  <logger>global</logger>
  <level>INFO</level>
  <class>il.ac.hit.pooly.MyTask</class>
  <method>perform</method>
  <thread>25</thread>
  <message>Task with priority 4 completed.</message>
</record>
<record>
  <date>2024-07-11T20:26:29.220559500Z</date>
  <millis>1720729589220</millis>
  <nanos>559500</nanos>
  <sequence>16</sequence>
  <logger>global</logger>
  <level>INFO</level>
  <class>il.ac.hit.pooly.MyTask</class>
  <method>perform</method>
  <thread>23</thread>
  <message>Performing task with priority 2</message>
</record>
<record>
  <date>2024-07-11T20:26:29.220805500Z</date>
  <millis>1720729589220</millis>
  <nanos>805500</nanos>
  <sequence>17</sequence>
  <logger>global</logger>
  <level>INFO</level>
  <class>il.ac.hit.pooly.MyTask</class>
  <method>perform</method>
  <thread>24</thread>
  <message>Task with priority 3 completed.</message>
</record>
<record>
  <date>2024-07-11T20:26:29.222826300Z</date>
  <millis>1720729589222</millis>
  <nanos>826300</nanos>
  <sequence>18</sequence>
  <logger>global</logger>
  <level>INFO</level>
  <class>il.ac.hit.pooly.MyTask</class>
  <method>perform</method>
  <thread>23</thread>
  <message>Task with priority 2 completed.</message>
</record>
<record>
  <date>2024-07-11T20:26:30.207817300Z</date>
  <millis>1720729590207</millis>
  <nanos>817300</nanos>
  <sequence>19</sequence>
  <logger>global</logger>
  <level>INFO</level>
  <class>il.ac.hit.pooly.MyTask</class>
  <method>pause</method>
  <thread>1</thread>
  <message>Task with priority 10 is paused</message>
</record>
<record>
  <date>2024-07-11T20:26:32.218759400Z</date>
  <millis>1720729592218</millis>
  <nanos>759400</nanos>
  <sequence>20</sequence>
  <logger>global</logger>
  <level>INFO</level>
  <class>il.ac.hit.pooly.MyTask</class>
  <method>resume</method>
  <thread>1</thread>
  <message>Task with priority 10 is resumed</message>
</record>
</log>
