יולי 11, 2024 11:16:04 אחה״צ il.ac.hit.pooly.MyTask perform
INFO: Task with priority 10 started.
יולי 11, 2024 11:16:04 אחה״צ il.ac.hit.pooly.MyTask perform
INFO: Task with priority 4 started.
יולי 11, 2024 11:16:04 אחה״צ il.ac.hit.pooly.MyTask perform
INFO: Task with priority 5 started.
יולי 11, 2024 11:16:04 אחה״צ il.ac.hit.pooly.MyTask perform
INFO: Performing task with priority 10
יולי 11, 2024 11:16:04 אחה״צ il.ac.hit.pooly.MyTask perform
INFO: Performing task with priority 4
יולי 11, 2024 11:16:04 אחה״צ il.ac.hit.pooly.MyTask perform
INFO: Performing task with priority 5
יולי 11, 2024 11:16:04 אחה״צ il.ac.hit.pooly.MyTask perform
INFO: Task with priority 10 completed.
יולי 11, 2024 11:16:04 אחה״צ il.ac.hit.pooly.MyTask perform
INFO: Task with priority 4 completed.
יולי 11, 2024 11:16:04 אחה״צ il.ac.hit.pooly.MyTask perform
INFO: Task with priority 5 completed.
יולי 11, 2024 11:16:04 אחה״צ il.ac.hit.pooly.MyTask perform
INFO: Task with priority 3 started.
יולי 11, 2024 11:16:04 אחה״צ il.ac.hit.pooly.MyTask perform
INFO: Task with priority 2 started.
יולי 11, 2024 11:16:04 אחה״צ il.ac.hit.pooly.MyTask perform
INFO: Task with priority 1 started.
יולי 11, 2024 11:16:04 אחה״צ il.ac.hit.pooly.MyTask perform
INFO: Performing task with priority 3
יולי 11, 2024 11:16:04 אחה״צ il.ac.hit.pooly.MyTask perform
INFO: Performing task with priority 2
יולי 11, 2024 11:16:04 אחה״צ il.ac.hit.pooly.MyTask perform
INFO: Performing task with priority 1
יולי 11, 2024 11:16:04 אחה״צ il.ac.hit.pooly.MyTask perform
INFO: Task with priority 3 completed.
יולי 11, 2024 11:16:04 אחה״צ il.ac.hit.pooly.MyTask perform
INFO: Task with priority 2 completed.
יולי 11, 2024 11:16:04 אחה״צ il.ac.hit.pooly.MyTask perform
INFO: Task with priority 1 completed.
יולי 11, 2024 11:16:05 אחה״צ il.ac.hit.pooly.MyTask pause
INFO: Task with priority 10 is paused
יולי 11, 2024 11:16:07 אחה״צ il.ac.hit.pooly.MyTask resume
INFO: Task with priority 10 is resumed
